<?xml version="1.0" encoding="UTF-8"?>
<!-- Generated by org.testng.reporters.JUnitXMLReporter -->
<testsuite hostname="DESKTOP-K092JRV" ignored="0" name="TestChrome" tests="1" failures="1" timestamp="07 Jan 2018 19:27:46 GMT" time="0.287" errors="0">
  <testcase name="testSeleniumGrid" time="0.101" classname="TestNG_Package.TestSeleniumGrid">
    <failure type="java.net.MalformedURLException" message="no protocol: node">
      <![CDATA[java.net.MalformedURLException: no protocol: nodeat java.net.URL.<init>(URL.java:593)at java.net.URL.<init>(URL.java:490)at java.net.URL.<init>(URL.java:439)at TestNG_Package.TestSeleniumGrid.testSeleniumGrid(TestSeleniumGrid.java:26)... Removed 25 stack frames]]>
    </failure>
  </testcase> <!-- testSeleniumGrid -->
</testsuite> <!-- TestChrome -->
